<?xml version="1.0" encoding="UTF-8"?>
<testsuite xmlns:xsi="http://www.w3.org/2001/XMLSchema-instance" xsi:noNamespaceSchemaLocation="https://maven.apache.org/surefire/maven-surefire-plugin/xsd/surefire-test-report-3.0.xsd" version="3.0" name="TestSuite" time="17.722" tests="2" errors="0" skipped="0" failures="0">
  <properties>
    <property name="java.specification.version" value="20"/>
    <property name="sun.cpu.isalist" value="amd64"/>
    <property name="sun.jnu.encoding" value="Cp1252"/>
    <property name="java.class.path" value="C:\Users\sreek\paraBank\java-playwright-framework\target\test-classes;C:\Users\sreek\paraBank\java-playwright-framework\target\classes;C:\Users\sreek\.m2\repository\com\microsoft\playwright\playwright\1.40.0\playwright-1.40.0.jar;C:\Users\sreek\.m2\repository\com\google\code\gson\gson\2.8.9\gson-2.8.9.jar;C:\Users\sreek\.m2\repository\org\opentest4j\opentest4j\1.2.0\opentest4j-1.2.0.jar;C:\Users\sreek\.m2\repository\com\microsoft\playwright\driver\1.40.0\driver-1.40.0.jar;C:\Users\sreek\.m2\repository\com\microsoft\playwright\driver-bundle\1.40.0\driver-bundle-1.40.0.jar;C:\Users\sreek\.m2\repository\org\testng\testng\7.8.0\testng-7.8.0.jar;C:\Users\sreek\.m2\repository\org\slf4j\slf4j-api\1.7.36\slf4j-api-1.7.36.jar;C:\Users\sreek\.m2\repository\com\beust\jcommander\1.82\jcommander-1.82.jar;C:\Users\sreek\.m2\repository\org\webjars\jquery\3.6.1\jquery-3.6.1.jar;C:\Users\sreek\.m2\repository\io\rest-assured\rest-assured\5.3.2\rest-assured-5.3.2.jar;C:\Users\sreek\.m2\repository\org\apache\groovy\groovy\4.0.11\groovy-4.0.11.jar;C:\Users\sreek\.m2\repository\org\apache\groovy\groovy-xml\4.0.11\groovy-xml-4.0.11.jar;C:\Users\sreek\.m2\repository\org\apache\httpcomponents\httpclient\4.5.13\httpclient-4.5.13.jar;C:\Users\sreek\.m2\repository\org\apache\httpcomponents\httpcore\4.4.13\httpcore-4.4.13.jar;C:\Users\sreek\.m2\repository\commons-logging\commons-logging\1.2\commons-logging-1.2.jar;C:\Users\sreek\.m2\repository\commons-codec\commons-codec\1.11\commons-codec-1.11.jar;C:\Users\sreek\.m2\repository\org\apache\httpcomponents\httpmime\4.5.13\httpmime-4.5.13.jar;C:\Users\sreek\.m2\repository\org\hamcrest\hamcrest\2.2\hamcrest-2.2.jar;C:\Users\sreek\.m2\repository\org\ccil\cowan\tagsoup\tagsoup\1.2.1\tagsoup-1.2.1.jar;C:\Users\sreek\.m2\repository\io\rest-assured\json-path\5.3.2\json-path-5.3.2.jar;C:\Users\sreek\.m2\repository\org\apache\groovy\groovy-json\4.0.11\groovy-json-4.0.11.jar;C:\Users\sreek\.m2\repository\io\rest-assured\rest-assured-common\5.3.2\rest-assured-common-5.3.2.jar;C:\Users\sreek\.m2\repository\io\rest-assured\xml-path\5.3.2\xml-path-5.3.2.jar;C:\Users\sreek\.m2\repository\org\apache\commons\commons-lang3\3.12.0\commons-lang3-3.12.0.jar;"/>
    <property name="java.vm.vendor" value="Oracle Corporation"/>
    <property name="sun.arch.data.model" value="64"/>
    <property name="user.variant" value=""/>
    <property name="java.vendor.url" value="https://java.oracle.com/"/>
    <property name="user.timezone" value="Australia/Adelaide"/>
    <property name="os.name" value="Windows 11"/>
    <property name="java.vm.specification.version" value="20"/>
    <property name="sun.java.launcher" value="SUN_STANDARD"/>
    <property name="user.country" value="AU"/>
    <property name="sun.boot.library.path" value="C:\Program Files\Java\jdk-20\bin"/>
    <property name="sun.java.command" value="C:\Users\sreek\AppData\Local\Temp\surefire8990257698674383362\surefirebooter-20250811004913334_3.jar C:\Users\sreek\AppData\Local\Temp\surefire8990257698674383362 2025-08-11T00-49-13_117-jvmRun1 surefire-20250811004913334_1tmp surefire_0-20250811004913334_2tmp"/>
    <property name="jdk.debug" value="release"/>
    <property name="surefire.test.class.path" value="C:\Users\sreek\paraBank\java-playwright-framework\target\test-classes;C:\Users\sreek\paraBank\java-playwright-framework\target\classes;C:\Users\sreek\.m2\repository\com\microsoft\playwright\playwright\1.40.0\playwright-1.40.0.jar;C:\Users\sreek\.m2\repository\com\google\code\gson\gson\2.8.9\gson-2.8.9.jar;C:\Users\sreek\.m2\repository\org\opentest4j\opentest4j\1.2.0\opentest4j-1.2.0.jar;C:\Users\sreek\.m2\repository\com\microsoft\playwright\driver\1.40.0\driver-1.40.0.jar;C:\Users\sreek\.m2\repository\com\microsoft\playwright\driver-bundle\1.40.0\driver-bundle-1.40.0.jar;C:\Users\sreek\.m2\repository\org\testng\testng\7.8.0\testng-7.8.0.jar;C:\Users\sreek\.m2\repository\org\slf4j\slf4j-api\1.7.36\slf4j-api-1.7.36.jar;C:\Users\sreek\.m2\repository\com\beust\jcommander\1.82\jcommander-1.82.jar;C:\Users\sreek\.m2\repository\org\webjars\jquery\3.6.1\jquery-3.6.1.jar;C:\Users\sreek\.m2\repository\io\rest-assured\rest-assured\5.3.2\rest-assured-5.3.2.jar;C:\Users\sreek\.m2\repository\org\apache\groovy\groovy\4.0.11\groovy-4.0.11.jar;C:\Users\sreek\.m2\repository\org\apache\groovy\groovy-xml\4.0.11\groovy-xml-4.0.11.jar;C:\Users\sreek\.m2\repository\org\apache\httpcomponents\httpclient\4.5.13\httpclient-4.5.13.jar;C:\Users\sreek\.m2\repository\org\apache\httpcomponents\httpcore\4.4.13\httpcore-4.4.13.jar;C:\Users\sreek\.m2\repository\commons-logging\commons-logging\1.2\commons-logging-1.2.jar;C:\Users\sreek\.m2\repository\commons-codec\commons-codec\1.11\commons-codec-1.11.jar;C:\Users\sreek\.m2\repository\org\apache\httpcomponents\httpmime\4.5.13\httpmime-4.5.13.jar;C:\Users\sreek\.m2\repository\org\hamcrest\hamcrest\2.2\hamcrest-2.2.jar;C:\Users\sreek\.m2\repository\org\ccil\cowan\tagsoup\tagsoup\1.2.1\tagsoup-1.2.1.jar;C:\Users\sreek\.m2\repository\io\rest-assured\json-path\5.3.2\json-path-5.3.2.jar;C:\Users\sreek\.m2\repository\org\apache\groovy\groovy-json\4.0.11\groovy-json-4.0.11.jar;C:\Users\sreek\.m2\repository\io\rest-assured\rest-assured-common\5.3.2\rest-assured-common-5.3.2.jar;C:\Users\sreek\.m2\repository\io\rest-assured\xml-path\5.3.2\xml-path-5.3.2.jar;C:\Users\sreek\.m2\repository\org\apache\commons\commons-lang3\3.12.0\commons-lang3-3.12.0.jar;"/>
    <property name="sun.cpu.endian" value="little"/>
    <property name="user.home" value="C:\Users\sreek"/>
    <property name="user.language" value="en"/>
    <property name="java.specification.vendor" value="Oracle Corporation"/>
    <property name="java.version.date" value="2023-04-18"/>
    <property name="java.home" value="C:\Program Files\Java\jdk-20"/>
    <property name="file.separator" value="\"/>
    <property name="basedir" value="C:\Users\sreek\paraBank\java-playwright-framework"/>
    <property name="java.vm.compressedOopsMode" value="Zero based"/>
    <property name="line.separator" value="&#10;"/>
    <property name="java.vm.specification.vendor" value="Oracle Corporation"/>
    <property name="java.specification.name" value="Java Platform API Specification"/>
    <property name="surefire.real.class.path" value="C:\Users\sreek\AppData\Local\Temp\surefire8990257698674383362\surefirebooter-20250811004913334_3.jar"/>
    <property name="user.script" value=""/>
    <property name="sun.management.compiler" value="HotSpot 64-Bit Tiered Compilers"/>
    <property name="java.runtime.version" value="20.0.1+9-29"/>
    <property name="user.name" value="sreek"/>
    <property name="stdout.encoding" value="Cp1252"/>
    <property name="path.separator" value=";"/>
    <property name="os.version" value="10.0"/>
    <property name="java.runtime.name" value="Java(TM) SE Runtime Environment"/>
    <property name="file.encoding" value="UTF-8"/>
    <property name="java.vm.name" value="Java HotSpot(TM) 64-Bit Server VM"/>
    <property name="localRepository" value="C:\Users\sreek\.m2\repository"/>
    <property name="java.vendor.url.bug" value="https://bugreport.java.com/bugreport/"/>
    <property name="java.io.tmpdir" value="C:\Users\sreek\AppData\Local\Temp\"/>
    <property name="java.version" value="20.0.1"/>
    <property name="user.dir" value="C:\Users\sreek\paraBank\java-playwright-framework"/>
    <property name="os.arch" value="amd64"/>
    <property name="java.vm.specification.name" value="Java Virtual Machine Specification"/>
    <property name="sun.os.patch.level" value=""/>
    <property name="native.encoding" value="Cp1252"/>
    <property name="java.library.path" value="C:\Program Files\Java\jdk-20\bin;C:\WINDOWS\Sun\Java\bin;C:\WINDOWS\system32;C:\WINDOWS;C:\Program Files\Common Files\Oracle\Java\javapath;C:\Program Files (x86)\TRICENTIS\Tosca Testsuite\ToscaCommander;C:\WINDOWS\system32;C:\WINDOWS;C:\WINDOWS\System32\Wbem;C:\WINDOWS\System32\WindowsPowerShell\v1.0\;C:\WINDOWS\System32\OpenSSH\;C:\Users\sreek\AppData\Local\Programs\Python\Python311;C:\Users\sreek\AppData\Local\Programs\Python\Python311\Scripts;C:\Program Files\dotnet\;C:\Strawberry\c\bin;C:\Strawberry\perl\site\bin;C:\Strawberry\perl\bin;C:\Program Files\HP\HP One Agent;C:\Program Files\Docker\Docker\resources\bin;C:\Program Files\Git\cmd;C:\WINDOWS\system32;C:\WINDOWS;C:\WINDOWS\System32\Wbem;C:\WINDOWS\System32\WindowsPowerShell\v1.0\;C:\WINDOWS\System32\OpenSSH\;c:\Users\sreek\AppData\Local\Programs\cursor\resources\app\bin;C:\Program Files\nodejs\;C:\Users\sreek\AppData\Local\Programs\Python\Launcher\;C:\Users\sreek\AppData\Local\Microsoft\WindowsApps;C:\Users\sreek\AppData\Local\GitHubDesktop\bin;C:\Users\sreek\AppData\Local\Programs\Microsoft VS Code\bin;C:\Users\sreek\AppData\Local\Microsoft\WinGet\Packages\astral-sh.uv_Microsoft.Winget.Source_8wekyb3d8bbwe;C:\Users\sreek\AppData\Local\Programs\cursor\resources\app\bin;C:\Users\sreek\AppData\Roaming\npm;C:\Program Files\Java\jdk-20\bin;C:\Program Files\apache-maven-3.9.11\bin;;."/>
    <property name="java.vm.info" value="mixed mode, sharing"/>
    <property name="stderr.encoding" value="Cp1252"/>
    <property name="java.vendor" value="Oracle Corporation"/>
    <property name="java.vm.version" value="20.0.1+9-29"/>
    <property name="sun.io.unicode.encoding" value="UnicodeLittle"/>
    <property name="java.class.version" value="64.0"/>
  </properties>
  <testcase name="testFullUiFlow" classname="com.parabank.tests.ParaBankTests" time="4.593">
    <system-err><![CDATA[SLF4J: Failed to load class "org.slf4j.impl.StaticLoggerBinder".
SLF4J: Defaulting to no-operation (NOP) logger implementation
SLF4J: See http://www.slf4j.org/codes.html#StaticLoggerBinder for further details.
]]></system-err>
  </testcase>
  <testcase name="testFindTransactionByApi" classname="com.parabank.tests.ParaBankTests" time="3.525">
    <system-out><![CDATA[[
    {
        "id": 31348,
        "accountId": 23889,
        "type": "Debit",
        "date": 1754784000000,
        "amount": 25.00,
        "description": "Bill Payment to Test Payee"
    }
]
]]></system-out>
  </testcase>
</testsuite>