<?xml version="1.0" encoding="UTF-8"?>
<!-- Generated by org.testng.reporters.JUnitReportReporter -->
<testsuite hostname="Lila" failures="0" tests="2" name="com.parabank.tests.ParaBankTests" time="12.149" errors="0" timestamp="2025-08-11T00:49:31 ACST" skipped="0">
  <testcase classname="com.parabank.tests.ParaBankTests" name="testFullUiFlow" time="6.865"/>
  <testcase classname="com.parabank.tests.ParaBankTests" name="testFindTransactionByApi" time="5.284"/>
</testsuite> <!-- com.parabank.tests.ParaBankTests -->
